<?xml version="1.0" encoding="UTF-8"?>
<!-- Generated by org.testng.reporters.JUnitXMLReporter -->
<testsuite hostname="AT-EK-LTPM018-Soni.local" ignored="0" name="Ekincare apk Test" tests="55" failures="2" timestamp="04 Mar 2020 08:07:46 GMT" time="2697.161" errors="0">
  <testcase name="gymAndFitness" time="34.352" classname="com.ekincare.androidautomation.HomeTest"/>
  <testcase name="medicineNameWithoutAddressSelf" time="38.718" classname="com.ekincare.androidautomation.HomeTest"/>
  <testcase name="medicineNameDeleteAddressSelf" time="34.912" classname="com.ekincare.androidautomation.HomeTest"/>
  <testcase name="scheduleAppointment" time="26.809" classname="com.ekincare.androidautomation.HomeTest"/>
  <testcase name="talkWithDoctorSelf" time="33.21" classname="com.ekincare.androidautomation.HomeTest"/>
  <testcase name="viewAll" time="19.451" classname="com.ekincare.androidautomation.HomeTest"/>
  <testcase name="home" time="17.71" classname="com.ekincare.androidautomation.HomeTest"/>
  <testcase name="health" time="18.799" classname="com.ekincare.androidautomation.HomeTest"/>
  <testcase name="benefits" time="17.853" classname="com.ekincare.androidautomation.HomeTest"/>
  <testcase name="improve" time="18.312" classname="com.ekincare.androidautomation.HomeTest"/>
  <testcase name="notifications" time="18.91" classname="com.ekincare.androidautomation.HomeTest"/>
  <testcase name="gymAndFitness" time="36.457" classname="com.ekincare.androidautomation.benefits.GymScenarioTest"/>
  <testcase name="healthCheckupSelf" time="42.78" classname="com.ekincare.androidautomation.benefits.HealthCheckupScenarioTest"/>
  <testcase name="healthCheckupFamilyMember" time="45.244" classname="com.ekincare.androidautomation.benefits.HealthCheckupScenarioTest"/>
  <testcase name="annualhealthCheckupSelf" time="48.096" classname="com.ekincare.androidautomation.benefits.HealthCheckupScenarioTest"/>
  <testcase name="annualhealthCheckupFamilyMember" time="79.839" classname="com.ekincare.androidautomation.benefits.HealthCheckupScenarioTest"/>
  <testcase name="annualhealthCheckupSelfPlusFamilyMember" time="48.209" classname="com.ekincare.androidautomation.benefits.HealthCheckupScenarioTest"/>
  <testcase name="medicineNameWithoutAddressSelf" time="39.998" classname="com.ekincare.androidautomation.benefits.OrderMedicinesScenarioTest"/>
  <testcase name="medicineNameWithAddressSelf" time="33.487" classname="com.ekincare.androidautomation.benefits.OrderMedicinesScenarioTest"/>
  <testcase name="medicineNameChangeAddressSelf" time="46.234" classname="com.ekincare.androidautomation.benefits.OrderMedicinesScenarioTest"/>
  <testcase name="medicineNameDeleteAddressSelf" time="34.395" classname="com.ekincare.androidautomation.benefits.OrderMedicinesScenarioTest"/>
  <testcase name="pastUploadedWithoutAddressSelf" time="49.21" classname="com.ekincare.androidautomation.benefits.OrderMedicinesScenarioTest"/>
  <testcase name="pastUploadedWithAddressSelf" time="42.8" classname="com.ekincare.androidautomation.benefits.OrderMedicinesScenarioTest"/>
  <testcase name="pastUploadedChangeAddressSelf" time="52.849" classname="com.ekincare.androidautomation.benefits.OrderMedicinesScenarioTest"/>
  <testcase name="pastUploadedDeleteAddressSelf" time="35.894" classname="com.ekincare.androidautomation.benefits.OrderMedicinesScenarioTest"/>
  <testcase name="pastUploadedWithoutAddressFamily" time="49.747" classname="com.ekincare.androidautomation.benefits.OrderMedicinesScenarioTest">
    <failure type="java.lang.AssertionError" message="expected [com.ekincare.health.precipitation.activity.PlaceMedicineSuccessActivity] but found [com.ekincare.health.precipitation.activity.OrderMedicineReviewScreenActivity]">
      <![CDATA[java.lang.AssertionError: expected [com.ekincare.health.precipitation.activity.PlaceMedicineSuccessActivity] but found [com.ekincare.health.precipitation.activity.OrderMedicineReviewScreenActivity]
at com.ekincare.androidautomation.benefits.OrderMedicinesScenarioTest.pastUploadedWithoutAddressFamily(OrderMedicinesScenarioTest.java:479)
... Removed 31 stack frames]]>
    </failure>
  </testcase> <!-- pastUploadedWithoutAddressFamily -->
  <testcase name="pastUploadedWithAddressFamily" time="42.988" classname="com.ekincare.androidautomation.benefits.OrderMedicinesScenarioTest"/>
  <testcase name="pastUploadedChangeAddressFamily" time="55.212" classname="com.ekincare.androidautomation.benefits.OrderMedicinesScenarioTest"/>
  <testcase name="pastUploadedDeleteAddressFamily" time="35.388" classname="com.ekincare.androidautomation.benefits.OrderMedicinesScenarioTest"/>
  <testcase name="pastUploadedWithoutAddressSelfPlusFamily" time="43.213" classname="com.ekincare.androidautomation.benefits.OrderMedicinesScenarioTest"/>
  <testcase name="pastUploadedWithAddressSelfPlusFamily" time="35.694" classname="com.ekincare.androidautomation.benefits.OrderMedicinesScenarioTest"/>
  <testcase name="pastUploadedDeleteAddressSelfPlusFamily" time="38.108" classname="com.ekincare.androidautomation.benefits.OrderMedicinesScenarioTest"/>
  <testcase name="fromGalleryWithoutAddress" time="37.55" classname="com.ekincare.androidautomation.benefits.OrderMedicinesScenarioTest"/>
  <testcase name="fromGalleryWithAddress" time="29.739" classname="com.ekincare.androidautomation.benefits.OrderMedicinesScenarioTest"/>
  <testcase name="fromGalleryDeleteAddress" time="29.652" classname="com.ekincare.androidautomation.benefits.OrderMedicinesScenarioTest"/>
  <testcase name="talkWithDoctorSelf" time="32.998" classname="com.ekincare.androidautomation.benefits.TalkWithDoctorTest"/>
  <testcase name="talkWithDoctorFamily" time="43.695" classname="com.ekincare.androidautomation.benefits.TalkWithDoctorTest"/>
  <testcase name="scheduleAppointment" time="32.496" classname="com.ekincare.androidautomation.benefits.TalkWithFamilyDoctorTest">
    <failure type="java.lang.AssertionError" message="expected [com.ekincare.familydoctorflow.views.ScheduleDoctorConsultCreateActivity] but found [com.ekincare.familydoctorflow.views.DoctorConsultationBooked]">
      <![CDATA[java.lang.AssertionError: expected [com.ekincare.familydoctorflow.views.ScheduleDoctorConsultCreateActivity] but found [com.ekincare.familydoctorflow.views.DoctorConsultationBooked]
at com.ekincare.androidautomation.benefits.TalkWithFamilyDoctorTest.scheduleAppointment(TalkWithFamilyDoctorTest.java:70)
... Removed 31 stack frames]]>
    </failure>
  </testcase> <!-- scheduleAppointment -->
  <testcase name="addToCalender" time="38.403" classname="com.ekincare.androidautomation.benefits.TalkWithFamilyDoctorTest"/>
  <testcase name="scheduleAppointmentPlusReschedule" time="45.44" classname="com.ekincare.androidautomation.benefits.TalkWithFamilyDoctorTest"/>
  <testcase name="scheduleAppointmentPlusCancel" time="31.439" classname="com.ekincare.androidautomation.benefits.TalkWithFamilyDoctorTest"/>
  <testcase name="SchedulePlusReschedulePlusCancelAppointment" time="72.384" classname="com.ekincare.androidautomation.benefits.TalkWithFamilyDoctorTest"/>
  <testcase name="BookAppointmentWithFamilyMember" time="41.196" classname="com.ekincare.androidautomation.benefits.TalkWithFamilyDoctorTest"/>
  <testcase name="viewMedicalReport" time="32.839" classname="com.ekincare.androidautomation.health.MedicalReports"/>
  <testcase name="deleteMedicalReport" time="25.198" classname="com.ekincare.androidautomation.health.MedicalReports"/>
  <testcase name="viewMedicalReportFamily" time="34.112" classname="com.ekincare.androidautomation.health.MedicalReports"/>
  <testcase name="deleteMedicalReportFamily" time="24.203" classname="com.ekincare.androidautomation.health.MedicalReports"/>
  <testcase name="userWellnessReport" time="22.205" classname="com.ekincare.androidautomation.health.Insights"/>
  <testcase name="knowMore" time="27.039" classname="com.ekincare.androidautomation.improve.Challenges"/>
  <testcase name="startChallenges" time="27.905" classname="com.ekincare.androidautomation.improve.Challenges"/>
  <testcase name="stopChallenges" time="28.25" classname="com.ekincare.androidautomation.improve.Challenges"/>
  <testcase name="startAndRestartChallenges" time="31.746" classname="com.ekincare.androidautomation.improve.Challenges"/>
  <testcase name="goingEvent" time="39.853" classname="com.ekincare.androidautomation.improve.Events"/>
  <testcase name="notGoingEvent" time="26.884" classname="com.ekincare.androidautomation.improve.Events"/>
  <testcase name="notSureEvent" time="30.261" classname="com.ekincare.androidautomation.improve.Events"/>
</testsuite> <!-- Ekincare apk Test -->
